offerwall_module/flutter_offerwall_module/.android/plugins_build_output/disable_battery_optimization/intermediates/manifest_merge_blame_file/release/manifest-merger-blame-release-report.txt
1<?xml version="1.0" encoding="utf-8"?>
2<manifest xmlns:android="http://schemas.android.com/apk/res/android"
3    package="in.jvapps.disable_battery_optimization" >
4
5    <uses-sdk
6        android:minSdkVersion="21"
6-->src/main/AndroidManifest.xml
7        android:targetSdkVersion="31" />
7-->src/main/AndroidManifest.xml
8
9    <uses-permission android:name="android.permission.REQUEST_IGNORE_BATTERY_OPTIMIZATIONS" />
9-->src/main/AndroidManifest.xml:5:5-95
9-->src/main/AndroidManifest.xml:5:22-92
10    <uses-permission android:name="oppo.permission.OPPO_COMPONENT_SAFE" />
10-->src/main/AndroidManifest.xml:6:5-75
10-->src/main/AndroidManifest.xml:6:22-72
11    <uses-permission android:name="android.permission.INTERNET" />
11-->src/main/AndroidManifest.xml:7:5-67
11-->src/main/AndroidManifest.xml:7:22-64
12
13    <application />
13-->src/main/AndroidManifest.xml:9:5-32
14
15</manifest>